<?xml version="1.0" encoding="UTF-8"?>
<!-- Generated by org.testng.reporters.JUnitXMLReporter -->
<testsuite hostname="BOG07PRPFL03392" ignored="0" name="Dependencies Test" tests="4" failures="1" timestamp="10 may 2019 15:10:51 GMT" time="0.017" errors="0">
  <testcase name="doUserregister" time="0.002" classname="testcases.testCase3">
    <failure type="java.lang.AssertionError" message="The user did not register ok">
      <![CDATA[java.lang.AssertionError: The user did not register ok
at testcases.testCase3.doUserregister(testCase3.java:16)
... Removed 26 stack frames]]>
    </failure>
  </testcase> <!-- doUserregister -->
  <testcase name="doLogin" time="0.0" classname="testcases.testCase3">
    <skipped/>
  </testcase> <!-- doLogin -->
  <testcase name="test3" time="0.002" classname="testcases.testCase3"/>
  <testcase name="test4" time="0.002" classname="testcases.testCase3"/>
</testsuite> <!-- Dependencies Test -->
