<?xml version="1.0" encoding="UTF-8"?>
<testng-results skipped="0" failed="0" ignored="0" total="2" passed="2">
  <reporter-output>
  </reporter-output>
  <suite name="Regression Suite" duration-ms="82" started-at="2019-05-13T23:44:20Z" finished-at="2019-05-13T23:44:20Z">
    <groups>
    </groups>
    <test name="Parameterization XML Test" duration-ms="38" started-at="2019-05-13T23:44:20Z" finished-at="2019-05-13T23:44:20Z">
      <class name="dataProvider.ParameterizationXml">
        <test-method status="PASS" signature="getBrowser(java.lang.String, java.lang.String)[pri:0, instance:dataProvider.ParameterizationXml@c038203]" name="getBrowser" duration-ms="10" started-at="2019-05-13T23:44:20Z" finished-at="2019-05-13T23:44:20Z">
          <params>
            <param index="0">
              <value>
                <![CDATA[firefox]]>
              </value>
            </param>
            <param index="1">
              <value>
                <![CDATA[qa]]>
              </value>
            </param>
          </params>
          <reporter-output>
          </reporter-output>
        </test-method> <!-- getBrowser -->
      </class> <!-- dataProvider.ParameterizationXml -->
    </test> <!-- Parameterization XML Test -->
    <test name="Parameterization XML 2 Test" duration-ms="6" started-at="2019-05-13T23:44:20Z" finished-at="2019-05-13T23:44:20Z">
      <class name="dataProvider.ParameterizationXml">
        <test-method status="PASS" signature="getBrowser(java.lang.String, java.lang.String)[pri:0, instance:dataProvider.ParameterizationXml@6a4f787b]" name="getBrowser" duration-ms="2" started-at="2019-05-13T23:44:20Z" finished-at="2019-05-13T23:44:20Z">
          <params>
            <param index="0">
              <value>
                <![CDATA[chrome]]>
              </value>
            </param>
            <param index="1">
              <value>
                <![CDATA[qa1]]>
              </value>
            </param>
          </params>
          <reporter-output>
          </reporter-output>
        </test-method> <!-- getBrowser -->
      </class> <!-- dataProvider.ParameterizationXml -->
    </test> <!-- Parameterization XML 2 Test -->
  </suite> <!-- Regression Suite -->
</testng-results>
